<?xml version="1.0" encoding="UTF-8"?>
<!-- Generated by org.testng.reporters.JUnitReportReporter -->
<testsuite hostname="ACER" name="testRunner.TestRunner" tests="1" failures="0" timestamp="11 Jun 2019 20:51:03 GMT" time="0.402" errors="0">
  <testcase name="feature" time="0.402" classname="testRunner.TestRunner"/>
</testsuite> <!-- testRunner.TestRunner -->
